<?xml version="1.0" encoding="UTF-8"?>
<!-- Generated by org.testng.reporters.JUnitXMLReporter -->
<testsuite hostname="DESKTOP-NC9DF3F" name="Default test" tests="4" failures="0" timestamp="12 Aug 2021 15:47:47 GMT" time="0.121" errors="0">
  <testcase name="testMethodFour" time="0.042" classname="com.ibm.practice.Azuretest.App"/>
  <testcase name="testMethodOne" time="0.003" classname="com.ibm.practice.Azuretest.App"/>
  <testcase name="testMethodThree" time="0.002" classname="com.ibm.practice.Azuretest.App"/>
  <testcase name="testMethodTwo" time="0.003" classname="com.ibm.practice.Azuretest.App"/>
</testsuite>
