<?xml version="1.0" encoding="UTF-8"?>
<testng-results skipped="0" failed="0" total="1" passed="1">
  <reporter-output>
  </reporter-output>
  <suite name="Suite" duration-ms="58" started-at="2021-08-12T15:58:12Z" finished-at="2021-08-12T15:58:12Z">
    <groups>
      <group name="include-test-one">
        <method signature="App.testMethodOne()[pri:0, instance:com.ibm.practice.Azuretest.App@3c5a99da]" name="testMethodOne" class="com.ibm.practice.Azuretest.App"/>
      </group> <!-- include-test-one -->
    </groups>
    <test name="Test" duration-ms="58" started-at="2021-08-12T15:58:12Z" finished-at="2021-08-12T15:58:12Z">
      <class name="com.ibm.practice.Azuretest.App">
        <test-method status="PASS" signature="testMethodOne()[pri:0, instance:com.ibm.practice.Azuretest.App@3c5a99da]" name="testMethodOne" duration-ms="12" started-at="2021-08-12T21:28:12Z" finished-at="2021-08-12T21:28:12Z">
          <reporter-output>
          </reporter-output>
        </test-method> <!-- testMethodOne -->
      </class> <!-- com.ibm.practice.Azuretest.App -->
    </test> <!-- Test -->
  </suite> <!-- Suite -->
</testng-results>
