<?xml version="1.0" encoding="UTF-8"?>
<testng-results skipped="0" failed="0" ignored="0" total="1" passed="1">
  <reporter-output>
  </reporter-output>
  <suite name="Default suite" duration-ms="9887" started-at="2020-06-25T03:39:13Z" finished-at="2020-06-25T03:39:23Z">
    <groups>
    </groups>
    <test name="Default test" duration-ms="9887" started-at="2020-06-25T03:39:13Z" finished-at="2020-06-25T03:39:23Z">
      <class name="selenium4.Screenshot_Highlightselement">
        <test-method status="PASS" signature="ElementSnap()[pri:0, instance:selenium4.Screenshot_Highlightselement@5e3a8624]" name="ElementSnap" duration-ms="9854" started-at="2020-06-25T03:39:13Z" finished-at="2020-06-25T03:39:23Z">
          <reporter-output>
          </reporter-output>
        </test-method> <!-- ElementSnap -->
      </class> <!-- selenium4.Screenshot_Highlightselement -->
    </test> <!-- Default test -->
  </suite> <!-- Default suite -->
</testng-results>
